<?xml version="1.0" encoding="UTF-8"?>
<testng-results skipped="0" failed="0" ignored="0" total="1" passed="1">
  <reporter-output>
  </reporter-output>
  <suite name="Default suite" duration-ms="17501" started-at="2017-10-20T02:01:16Z" finished-at="2017-10-20T02:01:33Z">
    <groups>
    </groups>
    <test name="Default test" duration-ms="17501" started-at="2017-10-20T02:01:16Z" finished-at="2017-10-20T02:01:33Z">
      <class name="automationConcepts.VerificationsUsingTestNG">
        <test-method status="PASS" signature="exForverifications()[pri:0, instance:automationConcepts.VerificationsUsingTestNG@cc285f4]" name="exForverifications" duration-ms="17467" started-at="2017-10-19T22:01:16Z" finished-at="2017-10-19T22:01:33Z">
          <reporter-output>
          </reporter-output>
        </test-method> <!-- exForverifications -->
      </class> <!-- automationConcepts.VerificationsUsingTestNG -->
    </test> <!-- Default test -->
  </suite> <!-- Default suite -->
</testng-results>
